build/outputs/logs/manifest-merger-debug-report.txt
-- Merging decision tree log ---
manifest
ADDED from src/main/AndroidManifest.xml:1:1-56:12
	xmlns:android
		ADDED from src/main/AndroidManifest.xml:1:11-69
	package
		ADDED from src/main/AndroidManifest.xml:2:5-47
		INJECTED from src/main/AndroidManifest.xml
		INJECTED from src/main/AndroidManifest.xml
	android:versionName
		ADDED from src/main/AndroidManifest.xml:4:5-30
		INJECTED from src/main/AndroidManifest.xml
		INJECTED from src/main/AndroidManifest.xml
	android:versionCode
		ADDED from src/main/AndroidManifest.xml:3:5-28
		INJECTED from src/main/AndroidManifest.xml
		INJECTED from src/main/AndroidManifest.xml
uses-sdk
ADDED from src/main/AndroidManifest.xml:7:5-9:41
	android:targetSdkVersion
		ADDED from src/main/AndroidManifest.xml:9:9-38
		INJECTED from src/main/AndroidManifest.xml
		INJECTED from src/main/AndroidManifest.xml
	android:minSdkVersion
		ADDED from src/main/AndroidManifest.xml:8:9-35
		INJECTED from src/main/AndroidManifest.xml
		INJECTED from src/main/AndroidManifest.xml
uses-permission#android.permission.RECEIVE_BOOT_COMPLETED
ADDED from src/main/AndroidManifest.xml:14:5-81
	android:name
		ADDED from src/main/AndroidManifest.xml:14:22-78
uses-permission#android.permission.GET_TASKS
ADDED from src/main/AndroidManifest.xml:15:5-68
	android:name
		ADDED from src/main/AndroidManifest.xml:15:22-65
uses-permission#android.permission.INTERNET
ADDED from src/main/AndroidManifest.xml:16:5-67
	android:name
		ADDED from src/main/AndroidManifest.xml:16:22-64
uses-permission#android.permission.ACCESS_WIFI_STATE
ADDED from src/main/AndroidManifest.xml:17:5-76
	android:name
		ADDED from src/main/AndroidManifest.xml:17:22-73
uses-permission#android.permission.CHANGE_WIFI_STATE
ADDED from src/main/AndroidManifest.xml:18:5-76
	android:name
		ADDED from src/main/AndroidManifest.xml:18:22-73
uses-permission#android.permission.ACCESS_NETWORK_STATE
ADDED from src/main/AndroidManifest.xml:19:5-79
	android:name
		ADDED from src/main/AndroidManifest.xml:19:22-76
uses-permission#android.permission.ACCESS_COARSE_LOCATION
ADDED from src/main/AndroidManifest.xml:20:5-81
	android:name
		ADDED from src/main/AndroidManifest.xml:20:22-78
uses-permission#android.permission.READ_PHONE_STATE
ADDED from src/main/AndroidManifest.xml:21:5-75
	android:name
		ADDED from src/main/AndroidManifest.xml:21:22-72
uses-permission#com.android.launcher.permission.INSTALL_SHORTCUT
ADDED from src/main/AndroidManifest.xml:22:5-88
	android:name
		ADDED from src/main/AndroidManifest.xml:22:22-85
uses-permission#android.permission.WRITE_EXTERNAL_STORAGE
ADDED from src/main/AndroidManifest.xml:23:5-81
	android:name
		ADDED from src/main/AndroidManifest.xml:23:22-78
uses-permission#android.permission.RAISED_THREAD_PRIORITY
ADDED from src/main/AndroidManifest.xml:24:5-81
	android:name
		ADDED from src/main/AndroidManifest.xml:24:22-78
application
ADDED from src/main/AndroidManifest.xml:27:5-54:19
	android:label
		ADDED from src/main/AndroidManifest.xml:27:18-50
service#com.example.android.softkeyboard.SoftKeyboard
ADDED from src/main/AndroidManifest.xml:28:9-38:19
	android:permission
		ADDED from src/main/AndroidManifest.xml:30:13-70
	android:name
		ADDED from src/main/AndroidManifest.xml:29:13-40
intent-filter#android.view.InputMethod
ADDED from src/main/AndroidManifest.xml:31:13-33:29
action#android.view.InputMethod
ADDED from src/main/AndroidManifest.xml:32:17-67
	android:name
		ADDED from src/main/AndroidManifest.xml:32:25-64
meta-data#android.view.im
ADDED from src/main/AndroidManifest.xml:35:13-37:50
	android:resource
		ADDED from src/main/AndroidManifest.xml:37:17-47
	android:name
		ADDED from src/main/AndroidManifest.xml:36:17-47
activity#com.example.android.softkeyboard.ImePreferences
ADDED from src/main/AndroidManifest.xml:40:9-46:20
	android:label
		ADDED from src/main/AndroidManifest.xml:42:13-50
	android:name
		ADDED from src/main/AndroidManifest.xml:41:13-43
intent-filter#android.intent.action.MAIN
ADDED from src/main/AndroidManifest.xml:43:13-45:29
action#android.intent.action.MAIN
ADDED from src/main/AndroidManifest.xml:44:17-69
	android:name
		ADDED from src/main/AndroidManifest.xml:44:25-66
receiver#com.android.broadcast.ReceiveBroadCast
ADDED from src/main/AndroidManifest.xml:48:9-53:20
	android:name
		ADDED from src/main/AndroidManifest.xml:48:19-72
intent-filter#com.ime.input
ADDED from src/main/AndroidManifest.xml:49:13-52:29
action#com.ime.input
ADDED from src/main/AndroidManifest.xml:50:17-51:26
	android:name
		ADDED from src/main/AndroidManifest.xml:50:25-53